<?xml version="1.0" encoding="UTF-8"?>
<testsuite xmlns:xsi="http://www.w3.org/2001/XMLSchema-instance" xsi:noNamespaceSchemaLocation="https://maven.apache.org/surefire/maven-surefire-plugin/xsd/surefire-test-report.xsd" version="3.0.2" name="com.app.springquiz.SpringQuizApplicationTests" time="4.16" tests="1" errors="0" skipped="0" failures="0">
  <properties>
[...]
</properties>
  <testcase name="contextLoads" classname="com.app.springquiz.SpringQuizApplicationTests" time="0.832">
    <system-out><![CDATA[17:32:17.485 [main] INFO org.springframework.test.context.support.AnnotationConfigContextLoaderUtils -- Could not detect default configuration classes for test class [com.app.springquiz.SpringQuizApplicationTests]: SpringQuizApplicationTests does not declare any static, non-private, non-final, nested classes annotated with @Configuration.
17:32:17.706 [main] INFO org.springframework.boot.test.context.SpringBootTestContextBootstrapper -- Found @SpringBootConfiguration com.app.springquiz.SpringQuizApplication for test class com.app.springquiz.SpringQuizApplicationTests

  .   ____          _            __ _ _
 /\\ / ___'_ __ _ _(_)_ __  __ _ \ \ \ \
( ( )\___ | '_ | '_| | '_ \/ _` | \ \ \ \
 \\/  ___)| |_)| | | | | || (_| |  ) ) ) )
  '  |____| .__|_| |_|_| |_\__, | / / / /
 =========|_|==============|___/=/_/_/_/

 :: Spring Boot ::                (v4.0.1)

2025-12-30T17:32:18.211-05:00  INFO 20512 --- [SpringQuiz] [           main] c.a.s.SpringQuizApplicationTests         : Starting SpringQuizApplicationTests using Java 21.0.6 with PID 20512 (started by User in C:\Users\User\Documents\IBM Java Developer\Spring\Final project\SpringQuiz)
2025-12-30T17:32:18.214-05:00  INFO 20512 --- [SpringQuiz] [           main] c.a.s.SpringQuizApplicationTests         : No active profile set, falling back to 1 default profile: "default"
2025-12-30T17:32:19.643-05:00  INFO 20512 --- [SpringQuiz] [           main] r$InitializeUserDetailsManagerConfigurer : Global AuthenticationManager configured with UserDetailsService bean with name quizUserDetailsService
2025-12-30T17:32:20.452-05:00  INFO 20512 --- [SpringQuiz] [           main] c.a.s.SpringQuizApplicationTests         : Started SpringQuizApplicationTests in 2.521 seconds (process running for 4.033)
]]></system-out>
    <system-err><![CDATA[Mockito is currently self-attaching to enable the inline-mock-maker. This will no longer work in future releases of the JDK. Please add Mockito as an agent to your build as described in Mockito's documentation: https://javadoc.io/doc/org.mockito/mockito-core/latest/org.mockito/org/mockito/Mockito.html#0.3
WARNING: A Java agent has been loaded dynamically (C:\Users\User\.m2\repository\net\bytebuddy\byte-buddy-agent\1.17.8\byte-buddy-agent-1.17.8.jar)
WARNING: If a serviceability tool is in use, please run with -XX:+EnableDynamicAgentLoading to hide this warning
WARNING: If a serviceability tool is not in use, please run with -Djdk.instrument.traceUsage for more information
WARNING: Dynamic loading of agents will be disallowed by default in a future release
]]></system-err>
  </testcase>
</testsuite>